<?xml version="1.0" encoding="UTF-8"?>
<!-- Generated by org.testng.reporters.JUnitXMLReporter -->
<testsuite ignored="0" hostname="MSI" failures="0" tests="7" name="Default test" time="35.726" errors="0" timestamp="2023-01-20T15:29:27 IST">
  <testcase classname="com.sakshi.testscript.Login" name="emptyUsnCheck" time="0.215"/>
  <testcase classname="com.sakshi.testscript.Login" name="emptyUsnPwdCheck" time="0.083"/>
  <testcase classname="com.sakshi.testscript.Login" name="emptypwdCheck" time="0.187"/>
  <testcase classname="com.sakshi.testscript.Login" name="isSelected" time="0.038"/>
  <testcase classname="com.sakshi.testscript.Login" name="isSorted" time="5.752"/>
  <testcase classname="com.sakshi.testscript.Login" name="ischecked" time="0.098"/>
  <testcase classname="com.sakshi.testscript.Login" name="placeHolderCheck" time="0.098"/>
</testsuite> <!-- Default test -->
